2025-06-20T12:55:55.068-0300 [DEBUG] [org.gradle.launcher.daemon.bootstrap.DaemonMain] Assuming the daemon was started with following jvm opts: [-Xmx2048m, -Dfile.encoding=UTF-8, -Duser.country=AR, -Duser.language=es, -Duser.variant]
2025-06-20T12:55:55.291-0300 [DEBUG] [org.gradle.internal.nativeintegration.services.NativeServices] Native-platform posix files integration is not available. Continuing with fallback.
2025-06-20T12:55:55.325-0300 [INFO] [org.gradle.launcher.daemon.server.Daemon] start() called on daemon - DefaultDaemonContext[uid=62464b4b-7fb6-4330-9ce5-4a2a4399a622,javaHome=C:\Program Files\Android\Android Studio\jbr,javaVersion=21,javaVendor=JetBrains s.r.o.,daemonRegistryDir=C:\Users\Paul\Documents\android studio\ANDROIDFRONTEND\daemon,pid=16612,idleTimeout=10800000,priority=NORMAL,applyInstrumentationAgent=true,nativeServicesMode=ENABLED,daemonOpts=-Xmx2048m,-Dfile.encoding=UTF-8,-Duser.country=AR,-Duser.language=es,-Duser.variant]
2025-06-20T12:55:55.396-0300 [DEBUG] [org.gradle.internal.remote.internal.inet.InetAddresses] Adding IP addresses for network interface VirtualBox Host-Only Ethernet Adapter-WFP Native MAC Layer LightWeight Filter-0000
2025-06-20T12:55:55.397-0300 [DEBUG] [org.gradle.internal.remote.internal.inet.InetAddresses] Is this a loopback interface? false
2025-06-20T12:55:55.397-0300 [DEBUG] [org.gradle.internal.remote.internal.inet.InetAddresses] Adding IP addresses for network interface VirtualBox Host-Only Ethernet Adapter-Npcap Packet Driver (NPCAP)-0000
2025-06-20T12:55:55.397-0300 [DEBUG] [org.gradle.internal.remote.internal.inet.InetAddresses] Is this a loopback interface? false
2025-06-20T12:55:55.397-0300 [DEBUG] [org.gradle.internal.remote.internal.inet.InetAddresses] Adding IP addresses for network interface VirtualBox Host-Only Ethernet Adapter-QoS Packet Scheduler-0000
2025-06-20T12:55:55.397-0300 [DEBUG] [org.gradle.internal.remote.internal.inet.InetAddresses] Is this a loopback interface? false
2025-06-20T12:55:55.398-0300 [DEBUG] [org.gradle.internal.remote.internal.inet.InetAddresses] Adding IP addresses for network interface VirtualBox Host-Only Ethernet Adapter-WFP 802.3 MAC Layer LightWeight Filter-0000
2025-06-20T12:55:55.398-0300 [DEBUG] [org.gradle.internal.remote.internal.inet.InetAddresses] Is this a loopback interface? false
2025-06-20T12:55:55.398-0300 [DEBUG] [org.gradle.internal.remote.internal.inet.InetAddresses] Adding IP addresses for network interface Realtek PCIe GbE Family Controller-WFP Native MAC Layer LightWeight Filter-0000
2025-06-20T12:55:55.398-0300 [DEBUG] [org.gradle.internal.remote.internal.inet.InetAddresses] Is this a loopback interface? false
2025-06-20T12:55:55.399-0300 [DEBUG] [org.gradle.internal.remote.internal.inet.InetAddresses] Adding IP addresses for network interface Realtek PCIe GbE Family Controller-Npcap Packet Driver (NPCAP)-0000
2025-06-20T12:55:55.399-0300 [DEBUG] [org.gradle.internal.remote.internal.inet.InetAddresses] Is this a loopback interface? false
2025-06-20T12:55:55.399-0300 [DEBUG] [org.gradle.internal.remote.internal.inet.InetAddresses] Adding IP addresses for network interface Realtek PCIe GbE Family Controller-VirtualBox NDIS Light-Weight Filter-0000
2025-06-20T12:55:55.400-0300 [DEBUG] [org.gradle.internal.remote.internal.inet.InetAddresses] Is this a loopback interface? false
2025-06-20T12:55:55.400-0300 [DEBUG] [org.gradle.internal.remote.internal.inet.InetAddresses] Adding IP addresses for network interface Realtek PCIe GbE Family Controller-QoS Packet Scheduler-0000
2025-06-20T12:55:55.400-0300 [DEBUG] [org.gradle.internal.remote.internal.inet.InetAddresses] Is this a loopback interface? false
2025-06-20T12:55:55.400-0300 [DEBUG] [org.gradle.internal.remote.internal.inet.InetAddresses] Adding IP addresses for network interface Realtek PCIe GbE Family Controller-WFP 802.3 MAC Layer LightWeight Filter-0000
2025-06-20T12:55:55.401-0300 [DEBUG] [org.gradle.internal.remote.internal.inet.InetAddresses] Is this a loopback interface? false
2025-06-20T12:55:55.401-0300 [DEBUG] [org.gradle.internal.remote.internal.inet.InetAddresses] Adding IP addresses for network interface WAN Miniport (IP)-WFP Native MAC Layer LightWeight Filter-0000
2025-06-20T12:55:55.401-0300 [DEBUG] [org.gradle.internal.remote.internal.inet.InetAddresses] Is this a loopback interface? false
2025-06-20T12:55:55.401-0300 [DEBUG] [org.gradle.internal.remote.internal.inet.InetAddresses] Adding IP addresses for network interface WAN Miniport (IP)-Npcap Packet Driver (NPCAP)-0000
2025-06-20T12:55:55.402-0300 [DEBUG] [org.gradle.internal.remote.internal.inet.InetAddresses] Is this a loopback interface? false
2025-06-20T12:55:55.402-0300 [DEBUG] [org.gradle.internal.remote.internal.inet.InetAddresses] Adding IP addresses for network interface WAN Miniport (IP)-QoS Packet Scheduler-0000
2025-06-20T12:55:55.402-0300 [DEBUG] [org.gradle.internal.remote.internal.inet.InetAddresses] Is this a loopback interface? false
2025-06-20T12:55:55.403-0300 [DEBUG] [org.gradle.internal.remote.internal.inet.InetAddresses] Adding IP addresses for network interface WAN Miniport (IPv6)-WFP Native MAC Layer LightWeight Filter-0000
2025-06-20T12:55:55.403-0300 [DEBUG] [org.gradle.internal.remote.internal.inet.InetAddresses] Is this a loopback interface? false
2025-06-20T12:55:55.403-0300 [DEBUG] [org.gradle.internal.remote.internal.inet.InetAddresses] Adding IP addresses for network interface WAN Miniport (IPv6)-Npcap Packet Driver (NPCAP)-0000
2025-06-20T12:55:55.403-0300 [DEBUG] [org.gradle.internal.remote.internal.inet.InetAddresses] Is this a loopback interface? false
2025-06-20T12:55:55.403-0300 [DEBUG] [org.gradle.internal.remote.internal.inet.InetAddresses] Adding IP addresses for network interface WAN Miniport (IPv6)-QoS Packet Scheduler-0000
2025-06-20T12:55:55.404-0300 [DEBUG] [org.gradle.internal.remote.internal.inet.InetAddresses] Is this a loopback interface? false
2025-06-20T12:55:55.404-0300 [DEBUG] [org.gradle.internal.remote.internal.inet.InetAddresses] Adding IP addresses for network interface WAN Miniport (Network Monitor)-WFP Native MAC Layer LightWeight Filter-0000
2025-06-20T12:55:55.404-0300 [DEBUG] [org.gradle.internal.remote.internal.inet.InetAddresses] Is this a loopback interface? false
2025-06-20T12:55:55.404-0300 [DEBUG] [org.gradle.internal.remote.internal.inet.InetAddresses] Adding IP addresses for network interface WAN Miniport (Network Monitor)-Npcap Packet Driver (NPCAP)-0000
2025-06-20T12:55:55.404-0300 [DEBUG] [org.gradle.internal.remote.internal.inet.InetAddresses] Is this a loopback interface? false
2025-06-20T12:55:55.404-0300 [DEBUG] [org.gradle.internal.remote.internal.inet.InetAddresses] Adding IP addresses for network interface WAN Miniport (Network Monitor)-QoS Packet Scheduler-0000
2025-06-20T12:55:55.405-0300 [DEBUG] [org.gradle.internal.remote.internal.inet.InetAddresses] Is this a loopback interface? false
2025-06-20T12:55:55.405-0300 [DEBUG] [org.gradle.internal.remote.internal.inet.InetAddresses] Adding IP addresses for network interface Microsoft Kernel Debug Network Adapter
2025-06-20T12:55:55.405-0300 [DEBUG] [org.gradle.internal.remote.internal.inet.InetAddresses] Is this a loopback interface? false
2025-06-20T12:55:55.405-0300 [DEBUG] [org.gradle.internal.remote.internal.inet.InetAddresses] Adding IP addresses for network interface Realtek PCIe GbE Family Controller
2025-06-20T12:55:55.405-0300 [DEBUG] [org.gradle.internal.remote.internal.inet.InetAddresses] Is this a loopback interface? false
2025-06-20T12:55:55.406-0300 [DEBUG] [org.gradle.internal.remote.internal.inet.InetAddresses] Adding remote address /192.168.1.5
2025-06-20T12:55:55.406-0300 [DEBUG] [org.gradle.internal.remote.internal.inet.InetAddresses] Adding IP addresses for network interface WAN Miniport (IP)
2025-06-20T12:55:55.406-0300 [DEBUG] [org.gradle.internal.remote.internal.inet.InetAddresses] Is this a loopback interface? false
2025-06-20T12:55:55.406-0300 [DEBUG] [org.gradle.internal.remote.internal.inet.InetAddresses] Adding IP addresses for network interface WAN Miniport (IPv6)
2025-06-20T12:55:55.406-0300 [DEBUG] [org.gradle.internal.remote.internal.inet.InetAddresses] Is this a loopback interface? false
2025-06-20T12:55:55.407-0300 [DEBUG] [org.gradle.internal.remote.internal.inet.InetAddresses] Adding IP addresses for network interface WAN Miniport (Network Monitor)
2025-06-20T12:55:55.407-0300 [DEBUG] [org.gradle.internal.remote.internal.inet.InetAddresses] Is this a loopback interface? false
2025-06-20T12:55:55.407-0300 [DEBUG] [org.gradle.internal.remote.internal.inet.InetAddresses] Adding IP addresses for network interface 4G MIFI USB Ethernet/RNDIS
2025-06-20T12:55:55.408-0300 [DEBUG] [org.gradle.internal.remote.internal.inet.InetAddresses] Is this a loopback interface? false
2025-06-20T12:55:55.408-0300 [DEBUG] [org.gradle.internal.remote.internal.inet.InetAddresses] Adding IP addresses for network interface VirtualBox Host-Only Ethernet Adapter
2025-06-20T12:55:55.408-0300 [DEBUG] [org.gradle.internal.remote.internal.inet.InetAddresses] Is this a loopback interface? false
2025-06-20T12:55:55.408-0300 [DEBUG] [org.gradle.internal.remote.internal.inet.InetAddresses] Adding remote address /192.168.56.1
2025-06-20T12:55:55.408-0300 [DEBUG] [org.gradle.internal.remote.internal.inet.InetAddresses] Adding IP addresses for network interface WAN Miniport (PPPOE)
2025-06-20T12:55:55.409-0300 [DEBUG] [org.gradle.internal.remote.internal.inet.InetAddresses] Is this a loopback interface? false
2025-06-20T12:55:55.409-0300 [DEBUG] [org.gradle.internal.remote.internal.inet.InetAddresses] Adding IP addresses for network interface Software Loopback Interface 1
2025-06-20T12:55:55.409-0300 [DEBUG] [org.gradle.internal.remote.internal.inet.InetAddresses] Is this a loopback interface? true
2025-06-20T12:55:55.409-0300 [DEBUG] [org.gradle.internal.remote.internal.inet.InetAddresses] Adding loopback address /0:0:0:0:0:0:0:1
2025-06-20T12:55:55.409-0300 [DEBUG] [org.gradle.internal.remote.internal.inet.InetAddresses] Adding loopback address /127.0.0.1
2025-06-20T12:55:55.410-0300 [DEBUG] [org.gradle.internal.remote.internal.inet.InetAddresses] Adding IP addresses for network interface TAP-Windows Adapter V9-WFP Native MAC Layer LightWeight Filter-0000
2025-06-20T12:55:55.410-0300 [DEBUG] [org.gradle.internal.remote.internal.inet.InetAddresses] Is this a loopback interface? false
2025-06-20T12:55:55.410-0300 [DEBUG] [org.gradle.internal.remote.internal.inet.InetAddresses] Adding IP addresses for network interface TAP-Windows Adapter V9-Npcap Packet Driver (NPCAP)-0000
2025-06-20T12:55:55.411-0300 [DEBUG] [org.gradle.internal.remote.internal.inet.InetAddresses] Is this a loopback interface? false
2025-06-20T12:55:55.411-0300 [DEBUG] [org.gradle.internal.remote.internal.inet.InetAddresses] Adding IP addresses for network interface TAP-Windows Adapter V9-VirtualBox NDIS Light-Weight Filter-0000
2025-06-20T12:55:55.412-0300 [DEBUG] [org.gradle.internal.remote.internal.inet.InetAddresses] Is this a loopback interface? false
2025-06-20T12:55:55.412-0300 [DEBUG] [org.gradle.internal.remote.internal.inet.InetAddresses] Adding IP addresses for network interface TAP-Windows Adapter V9-QoS Packet Scheduler-0000
2025-06-20T12:55:55.412-0300 [DEBUG] [org.gradle.internal.remote.internal.inet.InetAddresses] Is this a loopback interface? false
2025-06-20T12:55:55.412-0300 [DEBUG] [org.gradle.internal.remote.internal.inet.InetAddresses] Adding IP addresses for network interface TAP-Windows Adapter V9-WFP 802.3 MAC Layer LightWeight Filter-0000
2025-06-20T12:55:55.412-0300 [DEBUG] [org.gradle.internal.remote.internal.inet.InetAddresses] Is this a loopback interface? false
2025-06-20T12:55:55.413-0300 [DEBUG] [org.gradle.internal.remote.internal.inet.InetAddresses] Adding IP addresses for network interface TAP-Windows Adapter V9
2025-06-20T12:55:55.413-0300 [DEBUG] [org.gradle.internal.remote.internal.inet.InetAddresses] Is this a loopback interface? false
2025-06-20T12:55:55.413-0300 [DEBUG] [org.gradle.internal.remote.internal.inet.InetAddresses] Adding IP addresses for network interface Microsoft Teredo Tunneling Adapter
2025-06-20T12:55:55.413-0300 [DEBUG] [org.gradle.internal.remote.internal.inet.InetAddresses] Is this a loopback interface? false
2025-06-20T12:55:55.413-0300 [DEBUG] [org.gradle.internal.remote.internal.inet.InetAddresses] Adding IP addresses for network interface Microsoft IP-HTTPS Platform Adapter
2025-06-20T12:55:55.413-0300 [DEBUG] [org.gradle.internal.remote.internal.inet.InetAddresses] Is this a loopback interface? false
2025-06-20T12:55:55.414-0300 [DEBUG] [org.gradle.internal.remote.internal.inet.InetAddresses] Adding IP addresses for network interface Microsoft 6to4 Adapter
2025-06-20T12:55:55.414-0300 [DEBUG] [org.gradle.internal.remote.internal.inet.InetAddresses] Is this a loopback interface? false
2025-06-20T12:55:55.414-0300 [DEBUG] [org.gradle.internal.remote.internal.inet.InetAddresses] Adding IP addresses for network interface WAN Miniport (SSTP)
2025-06-20T12:55:55.414-0300 [DEBUG] [org.gradle.internal.remote.internal.inet.InetAddresses] Is this a loopback interface? false
2025-06-20T12:55:55.414-0300 [DEBUG] [org.gradle.internal.remote.internal.inet.InetAddresses] Adding IP addresses for network interface WAN Miniport (IKEv2)
2025-06-20T12:55:55.414-0300 [DEBUG] [org.gradle.internal.remote.internal.inet.InetAddresses] Is this a loopback interface? false
2025-06-20T12:55:55.415-0300 [DEBUG] [org.gradle.internal.remote.internal.inet.InetAddresses] Adding IP addresses for network interface WAN Miniport (L2TP)
2025-06-20T12:55:55.415-0300 [DEBUG] [org.gradle.internal.remote.internal.inet.InetAddresses] Is this a loopback interface? false
2025-06-20T12:55:55.415-0300 [DEBUG] [org.gradle.internal.remote.internal.inet.InetAddresses] Adding IP addresses for network interface WAN Miniport (PPTP)
2025-06-20T12:55:55.415-0300 [DEBUG] [org.gradle.internal.remote.internal.inet.InetAddresses] Is this a loopback interface? false
2025-06-20T12:55:55.418-0300 [DEBUG] [org.gradle.internal.remote.internal.inet.TcpIncomingConnector] Listening on [6a86551a-6dc7-4c42-8205-131df48a819d port:64207, addresses:[localhost/127.0.0.1]].
2025-06-20T12:55:55.446-0300 [DEBUG] [org.gradle.launcher.daemon.server.Daemon] Daemon starting at: Fri Jun 20 12:55:55 ART 2025, with address: [6a86551a-6dc7-4c42-8205-131df48a819d port:64207, addresses:[localhost/127.0.0.1]]
2025-06-20T12:55:55.447-0300 [INFO] [org.gradle.launcher.daemon.server.DaemonRegistryUpdater] Advertising the daemon address to the clients: [6a86551a-6dc7-4c42-8205-131df48a819d port:64207, addresses:[localhost/127.0.0.1]]
2025-06-20T12:55:55.447-0300 [DEBUG] [org.gradle.launcher.daemon.server.DaemonRegistryUpdater] Advertised daemon context: DefaultDaemonContext[uid=62464b4b-7fb6-4330-9ce5-4a2a4399a622,javaHome=C:\Program Files\Android\Android Studio\jbr,javaVersion=21,javaVendor=JetBrains s.r.o.,daemonRegistryDir=C:\Users\Paul\Documents\android studio\ANDROIDFRONTEND\daemon,pid=16612,idleTimeout=10800000,priority=NORMAL,applyInstrumentationAgent=true,nativeServicesMode=ENABLED,daemonOpts=-Xmx2048m,-Dfile.encoding=UTF-8,-Duser.country=AR,-Duser.language=es,-Duser.variant]
2025-06-20T12:55:55.449-0300 [DEBUG] [org.gradle.launcher.daemon.registry.PersistentDaemonRegistry] Storing daemon address: [6a86551a-6dc7-4c42-8205-131df48a819d port:64207, addresses:[localhost/127.0.0.1]], context: DefaultDaemonContext[uid=62464b4b-7fb6-4330-9ce5-4a2a4399a622,javaHome=C:\Program Files\Android\Android Studio\jbr,javaVersion=21,javaVendor=JetBrains s.r.o.,daemonRegistryDir=C:\Users\Paul\Documents\android studio\ANDROIDFRONTEND\daemon,pid=16612,idleTimeout=10800000,priority=NORMAL,applyInstrumentationAgent=true,nativeServicesMode=ENABLED,daemonOpts=-Xmx2048m,-Dfile.encoding=UTF-8,-Duser.country=AR,-Duser.language=es,-Duser.variant]
2025-06-20T12:55:55.474-0300 [DEBUG] [org.gradle.cache.internal.DefaultFileLockManager] Waiting to acquire exclusive lock on daemon addresses registry.
2025-06-20T12:55:55.481-0300 [DEBUG] [org.gradle.cache.internal.DefaultFileLockManager] Lock acquired on daemon addresses registry.
2025-06-20T12:55:55.490-0300 [DEBUG] [org.gradle.cache.internal.DefaultFileLockManager] Releasing lock on daemon addresses registry.
2025-06-20T12:55:55.492-0300 [LIFECYCLE] [org.gradle.launcher.daemon.server.Daemon] Daemon server started.
2025-06-20T12:55:55.494-0300 [DEBUG] [org.gradle.launcher.daemon.bootstrap.DaemonStartupCommunication] Completed writing the daemon greeting. Closing streams...
2025-06-20T12:55:55.510-0300 [DEBUG] [org.gradle.internal.remote.internal.inet.TcpIncomingConnector] Accepted connection from /127.0.0.1:64208 to /127.0.0.1:64207.
2025-06-20T12:55:55.511-0300 [DEBUG] [org.gradle.launcher.daemon.server.Daemon] stopOnExpiration() called on daemon
2025-06-20T12:55:55.514-0300 [DEBUG] [org.gradle.launcher.daemon.server.Daemon] awaitExpiration() called on daemon
2025-06-20T12:55:55.515-0300 [DEBUG] [org.gradle.launcher.daemon.server.DaemonStateCoordinator] daemon is running. Sleeping until state changes.
2025-06-20T12:55:55.600-0300 [DEBUG] [org.gradle.launcher.daemon.server.SynchronizedDispatchConnection] thread 33: received class org.gradle.launcher.daemon.protocol.Build
2025-06-20T12:55:55.600-0300 [DEBUG] [org.gradle.launcher.daemon.server.DefaultDaemonConnection] thread 33: Received non-IO message from client: Build{id=cb42ed6c-dd60-4b54-b794-b83381784883, currentDir=C:\Users\Paul\Documents\android studio\ANDROIDFRONTEND}
2025-06-20T12:55:55.601-0300 [INFO] [org.gradle.launcher.daemon.server.DefaultIncomingConnectionHandler] Received command: Build{id=cb42ed6c-dd60-4b54-b794-b83381784883, currentDir=C:\Users\Paul\Documents\android studio\ANDROIDFRONTEND}.
2025-06-20T12:55:55.601-0300 [DEBUG] [org.gradle.launcher.daemon.server.DefaultIncomingConnectionHandler] Starting executing command: Build{id=cb42ed6c-dd60-4b54-b794-b83381784883, currentDir=C:\Users\Paul\Documents\android studio\ANDROIDFRONTEND} with connection: socket connection from /127.0.0.1:64207 to /127.0.0.1:64208.
2025-06-20T12:55:55.606-0300 [DEBUG] [org.gradle.launcher.daemon.server.DaemonStateCoordinator] Command execution: started DaemonCommandExecution[command = Build{id=cb42ed6c-dd60-4b54-b794-b83381784883, currentDir=C:\Users\Paul\Documents\android studio\ANDROIDFRONTEND}, connection = DefaultDaemonConnection: socket connection from /127.0.0.1:64207 to /127.0.0.1:64208] after 0.0037 minutes of idle
2025-06-20T12:55:55.606-0300 [INFO] [org.gradle.launcher.daemon.server.DaemonRegistryUpdater] Marking the daemon as busy, address: [6a86551a-6dc7-4c42-8205-131df48a819d port:64207, addresses:[localhost/127.0.0.1]]
2025-06-20T12:55:55.606-0300 [DEBUG] [org.gradle.launcher.daemon.registry.PersistentDaemonRegistry] Marking busy by address: [6a86551a-6dc7-4c42-8205-131df48a819d port:64207, addresses:[localhost/127.0.0.1]]
2025-06-20T12:55:55.608-0300 [DEBUG] [org.gradle.cache.internal.DefaultFileLockManager] Waiting to acquire exclusive lock on daemon addresses registry.
2025-06-20T12:55:55.609-0300 [DEBUG] [org.gradle.cache.internal.DefaultFileLockManager] Lock acquired on daemon addresses registry.
2025-06-20T12:55:55.612-0300 [DEBUG] [org.gradle.cache.internal.DefaultFileLockManager] Releasing lock on daemon addresses registry.
2025-06-20T12:55:55.613-0300 [DEBUG] [org.gradle.launcher.daemon.server.DaemonStateCoordinator] resetting idle timer
2025-06-20T12:55:55.614-0300 [DEBUG] [org.gradle.launcher.daemon.server.DaemonStateCoordinator] daemon is running. Sleeping until state changes.
2025-06-20T12:55:55.615-0300 [INFO] [org.gradle.launcher.daemon.server.exec.StartBuildOrRespondWithBusy] Daemon is about to start building Build{id=cb42ed6c-dd60-4b54-b794-b83381784883, currentDir=C:\Users\Paul\Documents\android studio\ANDROIDFRONTEND}. Dispatching build started information...
2025-06-20T12:55:55.616-0300 [DEBUG] [org.gradle.launcher.daemon.server.SynchronizedDispatchConnection] thread 35: dispatching org.gradle.launcher.daemon.protocol.BuildStarted@147619cc
2025-06-20T12:55:55.619-0300 [DEBUG] [org.gradle.launcher.daemon.server.exec.EstablishBuildEnvironment] Configuring env variables: [PATH, USERDOMAIN_ROAMINGPROFILE, LOCALAPPDATA, PROCESSOR_LEVEL, USERDOMAIN, LOGONSERVER, JAVA_HOME, ALLUSERSPROFILE, PROCESSOR_ARCHITECTURE, __COMPAT_LAYER, PSModulePath, SystemDrive, PNPM_HOME, PT8HOME, MAVEN_HOME, APPDATA, USERNAME, ProgramFiles(x86), VBOX_MSI_INSTALL_PATH, CommonProgramFiles, PATHEXT, DriverData, OS, DXSDK_DIR, COMPUTERNAME, PROCESSOR_REVISION, CommonProgramW6432, ComSpec, ProgramData, ProgramW6432, TEMP, HOMEPATH, SystemRoot, PROCESSOR_IDENTIFIER, HOMEDRIVE, USERPROFILE, TMP, CommonProgramFiles(x86), ProgramFiles, PUBLIC, windir, NUMBER_OF_PROCESSORS]
2025-06-20T12:55:55.627-0300 [DEBUG] [org.gradle.launcher.daemon.server.exec.LogToClient] About to start relaying all logs to the client via the connection.
2025-06-20T12:55:55.628-0300 [INFO] [org.gradle.launcher.daemon.server.exec.LogToClient] The client will now receive all logging from the daemon (pid: 16612). The daemon log file: C:\Users\Paul\Documents\android studio\ANDROIDFRONTEND\daemon\8.11.1\daemon-16612.out.log
2025-06-20T12:55:55.630-0300 [INFO] [org.gradle.launcher.daemon.server.exec.LogAndCheckHealth] Starting build in new daemon [memory: 2 GiB]
2025-06-20T12:55:55.635-0300 [DEBUG] [org.gradle.launcher.daemon.server.exec.ExecuteBuild] The daemon has started executing the build.
2025-06-20T12:55:55.636-0300 [DEBUG] [org.gradle.launcher.daemon.server.exec.ExecuteBuild] Executing build with daemon context: DefaultDaemonContext[uid=62464b4b-7fb6-4330-9ce5-4a2a4399a622,javaHome=C:\Program Files\Android\Android Studio\jbr,javaVersion=21,javaVendor=JetBrains s.r.o.,daemonRegistryDir=C:\Users\Paul\Documents\android studio\ANDROIDFRONTEND\daemon,pid=16612,idleTimeout=10800000,priority=NORMAL,applyInstrumentationAgent=true,nativeServicesMode=ENABLED,daemonOpts=-Xmx2048m,-Dfile.encoding=UTF-8,-Duser.country=AR,-Duser.language=es,-Duser.variant]

BUILD SUCCESSFUL in 2m 33s
35 actionable tasks: 35 executed
2025-06-20T12:58:23.838-0300 [DEBUG] [org.gradle.launcher.daemon.server.exec.ExecuteBuild] The daemon has finished executing the build.
2025-06-20T12:58:23.843-0300 [DEBUG] [org.gradle.launcher.daemon.server.DaemonStateCoordinator] daemon is running. Sleeping until state changes.
2025-06-20T12:58:23.843-0300 [DEBUG] [org.gradle.launcher.daemon.server.DaemonStateCoordinator] Command execution: finished waiting for DaemonCommandExecution[command = Build{id=cb42ed6c-dd60-4b54-b794-b83381784883, currentDir=C:\Users\Paul\Documents\android studio\ANDROIDFRONTEND}, connection = DefaultDaemonConnection: socket connection from /127.0.0.1:64207 to /127.0.0.1:64208]. Result org.gradle.launcher.daemon.server.DaemonStateCoordinator@7e09cf5d with state Busy
2025-06-20T12:58:23.844-0300 [DEBUG] [org.gradle.launcher.daemon.server.DaemonStateCoordinator] Command execution: completed DaemonCommandExecution[command = Build{id=cb42ed6c-dd60-4b54-b794-b83381784883, currentDir=C:\Users\Paul\Documents\android studio\ANDROIDFRONTEND}, connection = DefaultDaemonConnection: socket connection from /127.0.0.1:64207 to /127.0.0.1:64208]
2025-06-20T12:58:23.844-0300 [DEBUG] [org.gradle.launcher.daemon.server.DaemonStateCoordinator] resetting idle timer
2025-06-20T12:58:23.844-0300 [INFO] [org.gradle.launcher.daemon.server.DaemonRegistryUpdater] Marking the daemon as idle, address: [6a86551a-6dc7-4c42-8205-131df48a819d port:64207, addresses:[localhost/127.0.0.1]]
2025-06-20T12:58:23.844-0300 [DEBUG] [org.gradle.launcher.daemon.registry.PersistentDaemonRegistry] Marking busy by address: [6a86551a-6dc7-4c42-8205-131df48a819d port:64207, addresses:[localhost/127.0.0.1]]
2025-06-20T12:58:23.846-0300 [DEBUG] [org.gradle.cache.internal.DefaultFileLockManager] Waiting to acquire exclusive lock on daemon addresses registry.
2025-06-20T12:58:23.847-0300 [DEBUG] [org.gradle.cache.internal.DefaultFileLockManager] Lock acquired on daemon addresses registry.
2025-06-20T12:58:23.852-0300 [DEBUG] [org.gradle.cache.internal.DefaultFileLockManager] Releasing lock on daemon addresses registry.
2025-06-20T12:58:23.857-0300 [DEBUG] [org.gradle.launcher.daemon.server.DaemonStateCoordinator] daemon is running. Sleeping until state changes.
2025-06-20T12:58:23.857-0300 [DEBUG] [org.gradle.launcher.daemon.server.exec.ReturnResult] Daemon is dispatching the build result: Success[value=org.gradle.launcher.exec.BuildActionResult@6cd8ccbd]
2025-06-20T12:58:23.858-0300 [DEBUG] [org.gradle.launcher.daemon.server.SynchronizedDispatchConnection] thread 32: dispatching Success[value=org.gradle.launcher.exec.BuildActionResult@6cd8ccbd]
2025-06-20T12:58:23.860-0300 [DEBUG] [org.gradle.launcher.daemon.server.SynchronizedDispatchConnection] thread 33: received class org.gradle.launcher.daemon.protocol.CloseInput
2025-06-20T12:58:23.861-0300 [DEBUG] [org.gradle.launcher.daemon.server.DefaultDaemonConnection] thread 33: Received IO message from client: org.gradle.launcher.daemon.protocol.CloseInput@2e76a0ab
2025-06-20T12:58:23.861-0300 [DEBUG] [org.gradle.launcher.daemon.server.SynchronizedDispatchConnection] thread 33: received class org.gradle.launcher.daemon.protocol.Finished
2025-06-20T12:58:23.861-0300 [DEBUG] [org.gradle.launcher.daemon.server.DefaultDaemonConnection] thread 33: Received non-IO message from client: org.gradle.launcher.daemon.protocol.Finished@6a85392a
2025-06-20T12:58:23.862-0300 [DEBUG] [org.gradle.internal.remote.internal.inet.SocketConnection] Discarding EOFException: java.io.EOFException
2025-06-20T12:58:23.862-0300 [DEBUG] [org.gradle.launcher.daemon.server.SynchronizedDispatchConnection] thread 33: received null
2025-06-20T12:58:23.862-0300 [DEBUG] [org.gradle.launcher.daemon.server.DefaultDaemonConnection] thread 33: Received end-of-input from client.
2025-06-20T12:58:23.867-0300 [DEBUG] [org.gradle.launcher.daemon.server.exec.CleanUpVirtualFileSystemAfterBuild] Cleaning virtual file system after build finished
2025-06-20T12:58:23.867-0300 [DEBUG] [org.gradle.launcher.daemon.server.DefaultIncomingConnectionHandler] Finishing executing command: Build{id=cb42ed6c-dd60-4b54-b794-b83381784883, currentDir=C:\Users\Paul\Documents\android studio\ANDROIDFRONTEND}
2025-06-20T12:58:23.867-0300 [WARN] [org.gradle.launcher.daemon.server.DefaultIncomingConnectionHandler] Timed out waiting for finished message from client socket connection from /127.0.0.1:64207 to /127.0.0.1:64208. Discarding connection.
2025-06-20T12:58:23.868-0300 [DEBUG] [org.gradle.launcher.daemon.server.SynchronizedDispatchConnection] thread 32: stopping connection
2025-06-20T12:58:23.870-0300 [DEBUG] [org.gradle.launcher.daemon.server.SynchronizedDispatchConnection] thread 32: stopping connection
2025-06-20T12:58:24.960-0300 [DEBUG] [org.gradle.process.internal.health.memory.DefaultMemoryManager] 1706829004 physical memory requested, 1016590336 free
2025-06-20T12:58:24.960-0300 [DEBUG] [org.gradle.workers.internal.WorkerDaemonExpiration] Will attempt to release 1627 of memory
2025-06-20T12:58:24.960-0300 [DEBUG] [org.gradle.process.internal.health.memory.DefaultMemoryManager] 1706829004 physical memory requested, 0 released, 1016590336 free
2025-06-20T12:58:25.517-0300 [DEBUG] [org.gradle.cache.internal.DefaultFileLockManager] Waiting to acquire shared lock on daemon addresses registry.
2025-06-20T12:58:25.518-0300 [DEBUG] [org.gradle.cache.internal.DefaultFileLockManager] Lock acquired on daemon addresses registry.
2025-06-20T12:58:25.518-0300 [DEBUG] [org.gradle.cache.internal.DefaultFileLockManager] Releasing lock on daemon addresses registry.
2025-06-20T12:58:25.521-0300 [DEBUG] [org.gradle.cache.internal.DefaultFileLockManager] Waiting to acquire shared lock on daemon addresses registry.
2025-06-20T12:58:25.521-0300 [DEBUG] [org.gradle.cache.internal.DefaultFileLockManager] Lock acquired on daemon addresses registry.
2025-06-20T12:58:25.522-0300 [DEBUG] [org.gradle.cache.internal.DefaultFileLockManager] Releasing lock on daemon addresses registry.
2025-06-20T12:58:28.711-0300 [DEBUG] [sun.rmi.transport.tcp] RMI Scheduler(0): close connection, socket: Socket[addr=localhost/127.0.0.1,port=17579,localport=64512]
2025-06-20T12:58:28.737-0300 [DEBUG] [sun.rmi.transport.tcp] RMI Scheduler(0): close connection, socket: Socket[addr=localhost/127.0.0.1,port=17579,localport=64576]
2025-06-20T12:58:28.906-0300 [DEBUG] [sun.rmi.transport.tcp] RMI TCP Connection(1)-127.0.0.1: (port 64514) connection closed
2025-06-20T12:58:28.906-0300 [DEBUG] [sun.rmi.transport.tcp] RMI TCP Connection(1)-127.0.0.1: close connection, socket: Socket[addr=/127.0.0.1,port=64515,localport=64514]
2025-06-20T12:58:28.907-0300 [DEBUG] [sun.rmi.transport.tcp] RMI TCP Connection(1)-127.0.0.1: socket close: Socket[addr=/127.0.0.1,port=64515,localport=64514]
2025-06-20T12:58:29.961-0300 [DEBUG] [org.gradle.process.internal.health.memory.DefaultMemoryManager] 1706829004 physical memory requested, 989937664 free
2025-06-20T12:58:29.961-0300 [DEBUG] [org.gradle.workers.internal.WorkerDaemonExpiration] Will attempt to release 1627 of memory
2025-06-20T12:58:29.961-0300 [DEBUG] [org.gradle.process.internal.health.memory.DefaultMemoryManager] 1706829004 physical memory requested, 0 released, 989937664 free
2025-06-20T12:58:34.961-0300 [DEBUG] [org.gradle.process.internal.health.memory.DefaultMemoryManager] 1706829004 physical memory requested, 907104256 free
2025-06-20T12:58:34.961-0300 [DEBUG] [org.gradle.workers.internal.WorkerDaemonExpiration] Will attempt to release 1627 of memory
2025-06-20T12:58:34.961-0300 [DEBUG] [org.gradle.process.internal.health.memory.DefaultMemoryManager] 1706829004 physical memory requested, 0 released, 907104256 free
2025-06-20T12:58:35.517-0300 [DEBUG] [org.gradle.cache.internal.DefaultFileLockManager] Waiting to acquire shared lock on daemon addresses registry.
2025-06-20T12:58:35.517-0300 [DEBUG] [org.gradle.cache.internal.DefaultFileLockManager] Lock acquired on daemon addresses registry.
2025-06-20T12:58:35.517-0300 [DEBUG] [org.gradle.cache.internal.DefaultFileLockManager] Releasing lock on daemon addresses registry.
2025-06-20T12:58:35.520-0300 [DEBUG] [org.gradle.cache.internal.DefaultFileLockManager] Waiting to acquire shared lock on daemon addresses registry.
2025-06-20T12:58:35.521-0300 [DEBUG] [org.gradle.cache.internal.DefaultFileLockManager] Lock acquired on daemon addresses registry.
2025-06-20T12:58:35.521-0300 [DEBUG] [org.gradle.cache.internal.DefaultFileLockManager] Releasing lock on daemon addresses registry.
2025-06-20T12:58:35.523-0300 [DEBUG] [org.gradle.cache.internal.DefaultFileLockManager] Waiting to acquire shared lock on daemon addresses registry.
2025-06-20T12:58:35.524-0300 [DEBUG] [org.gradle.cache.internal.DefaultFileLockManager] Lock acquired on daemon addresses registry.
2025-06-20T12:58:35.524-0300 [DEBUG] [org.gradle.cache.internal.DefaultFileLockManager] Releasing lock on daemon addresses registry.
2025-06-20T12:58:39.960-0300 [DEBUG] [org.gradle.process.internal.health.memory.DefaultMemoryManager] 1706829004 physical memory requested, 855523328 free
2025-06-20T12:58:39.960-0300 [DEBUG] [org.gradle.workers.internal.WorkerDaemonExpiration] Will attempt to release 1627 of memory
2025-06-20T12:58:39.960-0300 [DEBUG] [org.gradle.process.internal.health.memory.DefaultMemoryManager] 1706829004 physical memory requested, 0 released, 855523328 free
2025-06-20T12:58:44.959-0300 [DEBUG] [org.gradle.process.internal.health.memory.DefaultMemoryManager] 1706829004 physical memory requested, 765124608 free
2025-06-20T12:58:44.959-0300 [DEBUG] [org.gradle.workers.internal.WorkerDaemonExpiration] Will attempt to release 1627 of memory
2025-06-20T12:58:44.959-0300 [DEBUG] [org.gradle.process.internal.health.memory.DefaultMemoryManager] 1706829004 physical memory requested, 0 released, 765124608 free
2025-06-20T12:58:45.517-0300 [DEBUG] [org.gradle.cache.internal.DefaultFileLockManager] Waiting to acquire shared lock on daemon addresses registry.
2025-06-20T12:58:45.518-0300 [DEBUG] [org.gradle.cache.internal.DefaultFileLockManager] Lock acquired on daemon addresses registry.
2025-06-20T12:58:45.518-0300 [DEBUG] [org.gradle.cache.internal.DefaultFileLockManager] Releasing lock on daemon addresses registry.
2025-06-20T12:58:45.519-0300 [DEBUG] [org.gradle.cache.internal.DefaultFileLockManager] Waiting to acquire shared lock on daemon addresses registry.
2025-06-20T12:58:45.519-0300 [DEBUG] [org.gradle.cache.internal.DefaultFileLockManager] Lock acquired on daemon addresses registry.
2025-06-20T12:58:45.520-0300 [DEBUG] [org.gradle.cache.internal.DefaultFileLockManager] Releasing lock on daemon addresses registry.
2025-06-20T12:58:45.521-0300 [DEBUG] [org.gradle.cache.internal.DefaultFileLockManager] Waiting to acquire shared lock on daemon addresses registry.
2025-06-20T12:58:45.521-0300 [DEBUG] [org.gradle.cache.internal.DefaultFileLockManager] Lock acquired on daemon addresses registry.
2025-06-20T12:58:45.522-0300 [DEBUG] [org.gradle.cache.internal.DefaultFileLockManager] Releasing lock on daemon addresses registry.
2025-06-20T12:58:49.959-0300 [DEBUG] [org.gradle.process.internal.health.memory.DefaultMemoryManager] 1706829004 physical memory requested, 748666880 free
2025-06-20T12:58:49.959-0300 [DEBUG] [org.gradle.workers.internal.WorkerDaemonExpiration] Will attempt to release 1627 of memory
2025-06-20T12:58:49.959-0300 [DEBUG] [org.gradle.process.internal.health.memory.DefaultMemoryManager] 1706829004 physical memory requested, 0 released, 748666880 free
2025-06-20T12:58:54.959-0300 [DEBUG] [org.gradle.process.internal.health.memory.DefaultMemoryManager] 1706829004 physical memory requested, 762376192 free
2025-06-20T12:58:54.959-0300 [DEBUG] [org.gradle.workers.internal.WorkerDaemonExpiration] Will attempt to release 1627 of memory
2025-06-20T12:58:54.959-0300 [DEBUG] [org.gradle.process.internal.health.memory.DefaultMemoryManager] 1706829004 physical memory requested, 0 released, 762376192 free
2025-06-20T12:58:55.517-0300 [DEBUG] [org.gradle.cache.internal.DefaultFileLockManager] Waiting to acquire shared lock on daemon addresses registry.
2025-06-20T12:58:55.517-0300 [DEBUG] [org.gradle.cache.internal.DefaultFileLockManager] Lock acquired on daemon addresses registry.
2025-06-20T12:58:55.518-0300 [DEBUG] [org.gradle.cache.internal.DefaultFileLockManager] Releasing lock on daemon addresses registry.
2025-06-20T12:58:55.519-0300 [DEBUG] [org.gradle.cache.internal.DefaultFileLockManager] Waiting to acquire shared lock on daemon addresses registry.
2025-06-20T12:58:55.519-0300 [DEBUG] [org.gradle.cache.internal.DefaultFileLockManager] Lock acquired on daemon addresses registry.
2025-06-20T12:58:55.520-0300 [DEBUG] [org.gradle.cache.internal.DefaultFileLockManager] Releasing lock on daemon addresses registry.
2025-06-20T12:58:55.521-0300 [DEBUG] [org.gradle.cache.internal.DefaultFileLockManager] Waiting to acquire shared lock on daemon addresses registry.
2025-06-20T12:58:55.522-0300 [DEBUG] [org.gradle.cache.internal.DefaultFileLockManager] Lock acquired on daemon addresses registry.
2025-06-20T12:58:55.522-0300 [DEBUG] [org.gradle.cache.internal.DefaultFileLockManager] Releasing lock on daemon addresses registry.
2025-06-20T12:58:59.959-0300 [DEBUG] [org.gradle.process.internal.health.memory.DefaultMemoryManager] 1706829004 physical memory requested, 822345728 free
2025-06-20T12:58:59.960-0300 [DEBUG] [org.gradle.workers.internal.WorkerDaemonExpiration] Will attempt to release 1627 of memory
2025-06-20T12:58:59.960-0300 [DEBUG] [org.gradle.process.internal.health.memory.DefaultMemoryManager] 1706829004 physical memory requested, 0 released, 822345728 free
2025-06-20T12:59:04.958-0300 [DEBUG] [org.gradle.process.internal.health.memory.DefaultMemoryManager] 1706829004 physical memory requested, 830619648 free
2025-06-20T12:59:04.959-0300 [DEBUG] [org.gradle.workers.internal.WorkerDaemonExpiration] Will attempt to release 1627 of memory
2025-06-20T12:59:04.959-0300 [DEBUG] [org.gradle.process.internal.health.memory.DefaultMemoryManager] 1706829004 physical memory requested, 0 released, 830619648 free
2025-06-20T12:59:05.517-0300 [DEBUG] [org.gradle.cache.internal.DefaultFileLockManager] Waiting to acquire shared lock on daemon addresses registry.
2025-06-20T12:59:05.517-0300 [DEBUG] [org.gradle.cache.internal.DefaultFileLockManager] Lock acquired on daemon addresses registry.
2025-06-20T12:59:05.517-0300 [DEBUG] [org.gradle.cache.internal.DefaultFileLockManager] Releasing lock on daemon addresses registry.
2025-06-20T12:59:05.519-0300 [DEBUG] [org.gradle.cache.internal.DefaultFileLockManager] Waiting to acquire shared lock on daemon addresses registry.
2025-06-20T12:59:05.519-0300 [DEBUG] [org.gradle.cache.internal.DefaultFileLockManager] Lock acquired on daemon addresses registry.
2025-06-20T12:59:05.519-0300 [DEBUG] [org.gradle.cache.internal.DefaultFileLockManager] Releasing lock on daemon addresses registry.
2025-06-20T12:59:05.521-0300 [DEBUG] [org.gradle.cache.internal.DefaultFileLockManager] Waiting to acquire shared lock on daemon addresses registry.
2025-06-20T12:59:05.521-0300 [DEBUG] [org.gradle.cache.internal.DefaultFileLockManager] Lock acquired on daemon addresses registry.
2025-06-20T12:59:05.521-0300 [DEBUG] [org.gradle.cache.internal.DefaultFileLockManager] Releasing lock on daemon addresses registry.
2025-06-20T12:59:09.957-0300 [DEBUG] [org.gradle.process.internal.health.memory.DefaultMemoryManager] 1706829004 physical memory requested, 759308288 free
2025-06-20T12:59:09.958-0300 [DEBUG] [org.gradle.workers.internal.WorkerDaemonExpiration] Will attempt to release 1627 of memory
2025-06-20T12:59:09.958-0300 [DEBUG] [org.gradle.process.internal.health.memory.DefaultMemoryManager] 1706829004 physical memory requested, 0 released, 759308288 free
2025-06-20T12:59:14.957-0300 [DEBUG] [org.gradle.process.internal.health.memory.DefaultMemoryManager] 1706829004 physical memory requested, 796024832 free
2025-06-20T12:59:14.958-0300 [DEBUG] [org.gradle.workers.internal.WorkerDaemonExpiration] Will attempt to release 1627 of memory
2025-06-20T12:59:14.958-0300 [DEBUG] [org.gradle.process.internal.health.memory.DefaultMemoryManager] 1706829004 physical memory requested, 0 released, 796024832 free
2025-06-20T12:59:15.516-0300 [DEBUG] [org.gradle.cache.internal.DefaultFileLockManager] Waiting to acquire shared lock on daemon addresses registry.
2025-06-20T12:59:15.516-0300 [DEBUG] [org.gradle.cache.internal.DefaultFileLockManager] Lock acquired on daemon addresses registry.
2025-06-20T12:59:15.517-0300 [DEBUG] [org.gradle.cache.internal.DefaultFileLockManager] Releasing lock on daemon addresses registry.
2025-06-20T12:59:15.519-0300 [DEBUG] [org.gradle.cache.internal.DefaultFileLockManager] Waiting to acquire shared lock on daemon addresses registry.
2025-06-20T12:59:15.519-0300 [DEBUG] [org.gradle.cache.internal.DefaultFileLockManager] Lock acquired on daemon addresses registry.
2025-06-20T12:59:15.519-0300 [DEBUG] [org.gradle.cache.internal.DefaultFileLockManager] Releasing lock on daemon addresses registry.
2025-06-20T12:59:15.520-0300 [DEBUG] [org.gradle.cache.internal.DefaultFileLockManager] Waiting to acquire shared lock on daemon addresses registry.
2025-06-20T12:59:15.521-0300 [DEBUG] [org.gradle.cache.internal.DefaultFileLockManager] Lock acquired on daemon addresses registry.
2025-06-20T12:59:15.521-0300 [DEBUG] [org.gradle.cache.internal.DefaultFileLockManager] Releasing lock on daemon addresses registry.
2025-06-20T12:59:19.956-0300 [DEBUG] [org.gradle.process.internal.health.memory.DefaultMemoryManager] 1706829004 physical memory requested, 675729408 free
2025-06-20T12:59:19.956-0300 [DEBUG] [org.gradle.workers.internal.WorkerDaemonExpiration] Will attempt to release 1627 of memory
2025-06-20T12:59:19.957-0300 [DEBUG] [org.gradle.process.internal.health.memory.DefaultMemoryManager] 1706829004 physical memory requested, 0 released, 675729408 free
2025-06-20T12:59:24.956-0300 [DEBUG] [org.gradle.process.internal.health.memory.DefaultMemoryManager] 1706829004 physical memory requested, 722939904 free
2025-06-20T12:59:24.956-0300 [DEBUG] [org.gradle.workers.internal.WorkerDaemonExpiration] Will attempt to release 1627 of memory
2025-06-20T12:59:24.957-0300 [DEBUG] [org.gradle.process.internal.health.memory.DefaultMemoryManager] 1706829004 physical memory requested, 0 released, 722939904 free
2025-06-20T12:59:25.515-0300 [DEBUG] [org.gradle.cache.internal.DefaultFileLockManager] Waiting to acquire shared lock on daemon addresses registry.
2025-06-20T12:59:25.515-0300 [DEBUG] [org.gradle.cache.internal.DefaultFileLockManager] Lock acquired on daemon addresses registry.
2025-06-20T12:59:25.515-0300 [DEBUG] [org.gradle.cache.internal.DefaultFileLockManager] Releasing lock on daemon addresses registry.
2025-06-20T12:59:25.517-0300 [DEBUG] [org.gradle.cache.internal.DefaultFileLockManager] Waiting to acquire shared lock on daemon addresses registry.
2025-06-20T12:59:25.517-0300 [DEBUG] [org.gradle.cache.internal.DefaultFileLockManager] Lock acquired on daemon addresses registry.
2025-06-20T12:59:25.517-0300 [DEBUG] [org.gradle.cache.internal.DefaultFileLockManager] Releasing lock on daemon addresses registry.
2025-06-20T12:59:25.519-0300 [DEBUG] [org.gradle.cache.internal.DefaultFileLockManager] Waiting to acquire shared lock on daemon addresses registry.
2025-06-20T12:59:25.519-0300 [DEBUG] [org.gradle.cache.internal.DefaultFileLockManager] Lock acquired on daemon addresses registry.
2025-06-20T12:59:25.520-0300 [DEBUG] [org.gradle.cache.internal.DefaultFileLockManager] Releasing lock on daemon addresses registry.
2025-06-20T12:59:29.956-0300 [DEBUG] [org.gradle.process.internal.health.memory.DefaultMemoryManager] 1706829004 physical memory requested, 747925504 free
2025-06-20T12:59:29.956-0300 [DEBUG] [org.gradle.workers.internal.WorkerDaemonExpiration] Will attempt to release 1627 of memory
2025-06-20T12:59:29.956-0300 [DEBUG] [org.gradle.process.internal.health.memory.DefaultMemoryManager] 1706829004 physical memory requested, 0 released, 747925504 free
2025-06-20T12:59:34.955-0300 [DEBUG] [org.gradle.process.internal.health.memory.DefaultMemoryManager] 1706829004 physical memory requested, 762568704 free
2025-06-20T12:59:34.955-0300 [DEBUG] [org.gradle.workers.internal.WorkerDaemonExpiration] Will attempt to release 1627 of memory
2025-06-20T12:59:34.955-0300 [DEBUG] [org.gradle.process.internal.health.memory.DefaultMemoryManager] 1706829004 physical memory requested, 0 released, 762568704 free
2025-06-20T12:59:35.512-0300 [DEBUG] [org.gradle.cache.internal.DefaultFileLockManager] Waiting to acquire shared lock on daemon addresses registry.
2025-06-20T12:59:35.512-0300 [DEBUG] [org.gradle.cache.internal.DefaultFileLockManager] Lock acquired on daemon addresses registry.
2025-06-20T12:59:35.512-0300 [DEBUG] [org.gradle.cache.internal.DefaultFileLockManager] Releasing lock on daemon addresses registry.
2025-06-20T12:59:35.514-0300 [DEBUG] [org.gradle.cache.internal.DefaultFileLockManager] Waiting to acquire shared lock on daemon addresses registry.
2025-06-20T12:59:35.514-0300 [DEBUG] [org.gradle.cache.internal.DefaultFileLockManager] Lock acquired on daemon addresses registry.
2025-06-20T12:59:35.514-0300 [DEBUG] [org.gradle.cache.internal.DefaultFileLockManager] Releasing lock on daemon addresses registry.
2025-06-20T12:59:35.515-0300 [DEBUG] [org.gradle.cache.internal.DefaultFileLockManager] Waiting to acquire shared lock on daemon addresses registry.
2025-06-20T12:59:35.516-0300 [DEBUG] [org.gradle.cache.internal.DefaultFileLockManager] Lock acquired on daemon addresses registry.
2025-06-20T12:59:35.516-0300 [DEBUG] [org.gradle.cache.internal.DefaultFileLockManager] Releasing lock on daemon addresses registry.
2025-06-20T12:59:39.953-0300 [DEBUG] [org.gradle.process.internal.health.memory.DefaultMemoryManager] 1706829004 physical memory requested, 733716480 free
2025-06-20T12:59:39.953-0300 [DEBUG] [org.gradle.workers.internal.WorkerDaemonExpiration] Will attempt to release 1627 of memory
2025-06-20T12:59:39.953-0300 [DEBUG] [org.gradle.process.internal.health.memory.DefaultMemoryManager] 1706829004 physical memory requested, 0 released, 733716480 free
2025-06-20T12:59:44.954-0300 [DEBUG] [org.gradle.process.internal.health.memory.DefaultMemoryManager] 1706829004 physical memory requested, 729575424 free
2025-06-20T12:59:44.954-0300 [DEBUG] [org.gradle.workers.internal.WorkerDaemonExpiration] Will attempt to release 1627 of memory
2025-06-20T12:59:44.954-0300 [DEBUG] [org.gradle.process.internal.health.memory.DefaultMemoryManager] 1706829004 physical memory requested, 0 released, 729575424 free
2025-06-20T12:59:45.513-0300 [DEBUG] [org.gradle.cache.internal.DefaultFileLockManager] Waiting to acquire shared lock on daemon addresses registry.
2025-06-20T12:59:45.513-0300 [DEBUG] [org.gradle.cache.internal.DefaultFileLockManager] Lock acquired on daemon addresses registry.
2025-06-20T12:59:45.513-0300 [DEBUG] [org.gradle.cache.internal.DefaultFileLockManager] Releasing lock on daemon addresses registry.
2025-06-20T12:59:45.514-0300 [DEBUG] [org.gradle.cache.internal.DefaultFileLockManager] Waiting to acquire shared lock on daemon addresses registry.
2025-06-20T12:59:45.514-0300 [DEBUG] [org.gradle.cache.internal.DefaultFileLockManager] Lock acquired on daemon addresses registry.
2025-06-20T12:59:45.515-0300 [DEBUG] [org.gradle.cache.internal.DefaultFileLockManager] Releasing lock on daemon addresses registry.
2025-06-20T12:59:45.517-0300 [DEBUG] [org.gradle.cache.internal.DefaultFileLockManager] Waiting to acquire shared lock on daemon addresses registry.
2025-06-20T12:59:45.517-0300 [DEBUG] [org.gradle.cache.internal.DefaultFileLockManager] Lock acquired on daemon addresses registry.
2025-06-20T12:59:45.517-0300 [DEBUG] [org.gradle.cache.internal.DefaultFileLockManager] Releasing lock on daemon addresses registry.
2025-06-20T12:59:49.955-0300 [DEBUG] [org.gradle.process.internal.health.memory.DefaultMemoryManager] 1706829004 physical memory requested, 596971520 free
2025-06-20T12:59:49.955-0300 [DEBUG] [org.gradle.workers.internal.WorkerDaemonExpiration] Will attempt to release 1627 of memory
2025-06-20T12:59:49.955-0300 [DEBUG] [org.gradle.process.internal.health.memory.DefaultMemoryManager] 1706829004 physical memory requested, 0 released, 596971520 free
2025-06-20T12:59:54.953-0300 [DEBUG] [org.gradle.process.internal.health.memory.DefaultMemoryManager] 1706829004 physical memory requested, 569450496 free
2025-06-20T12:59:54.953-0300 [DEBUG] [org.gradle.workers.internal.WorkerDaemonExpiration] Will attempt to release 1627 of memory
2025-06-20T12:59:54.953-0300 [DEBUG] [org.gradle.process.internal.health.memory.DefaultMemoryManager] 1706829004 physical memory requested, 0 released, 569450496 free
2025-06-20T12:59:55.511-0300 [DEBUG] [org.gradle.cache.internal.DefaultFileLockManager] Waiting to acquire shared lock on daemon addresses registry.
2025-06-20T12:59:55.511-0300 [DEBUG] [org.gradle.cache.internal.DefaultFileLockManager] Lock acquired on daemon addresses registry.
2025-06-20T12:59:55.511-0300 [DEBUG] [org.gradle.cache.internal.DefaultFileLockManager] Releasing lock on daemon addresses registry.
2025-06-20T12:59:55.512-0300 [DEBUG] [org.gradle.cache.internal.DefaultFileLockManager] Waiting to acquire shared lock on daemon addresses registry.
2025-06-20T12:59:55.513-0300 [DEBUG] [org.gradle.cache.internal.DefaultFileLockManager] Lock acquired on daemon addresses registry.
2025-06-20T12:59:55.513-0300 [DEBUG] [org.gradle.cache.internal.DefaultFileLockManager] Releasing lock on daemon addresses registry.
2025-06-20T12:59:55.514-0300 [DEBUG] [org.gradle.cache.internal.DefaultFileLockManager] Waiting to acquire shared lock on daemon addresses registry.
2025-06-20T12:59:55.514-0300 [DEBUG] [org.gradle.cache.internal.DefaultFileLockManager] Lock acquired on daemon addresses registry.
2025-06-20T12:59:55.514-0300 [DEBUG] [org.gradle.cache.internal.DefaultFileLockManager] Releasing lock on daemon addresses registry.
2025-06-20T12:59:59.953-0300 [DEBUG] [org.gradle.process.internal.health.memory.DefaultMemoryManager] 1706829004 physical memory requested, 535216128 free
2025-06-20T12:59:59.953-0300 [DEBUG] [org.gradle.workers.internal.WorkerDaemonExpiration] Will attempt to release 1627 of memory
2025-06-20T12:59:59.953-0300 [DEBUG] [org.gradle.process.internal.health.memory.DefaultMemoryManager] 1706829004 physical memory requested, 0 released, 535216128 free
2025-06-20T13:00:04.953-0300 [DEBUG] [org.gradle.process.internal.health.memory.DefaultMemoryManager] 1706829004 physical memory requested, 674836480 free
2025-06-20T13:00:04.953-0300 [DEBUG] [org.gradle.workers.internal.WorkerDaemonExpiration] Will attempt to release 1627 of memory
2025-06-20T13:00:04.953-0300 [DEBUG] [org.gradle.process.internal.health.memory.DefaultMemoryManager] 1706829004 physical memory requested, 0 released, 674836480 free
2025-06-20T13:00:05.510-0300 [DEBUG] [org.gradle.cache.internal.DefaultFileLockManager] Waiting to acquire shared lock on daemon addresses registry.
2025-06-20T13:00:05.510-0300 [DEBUG] [org.gradle.cache.internal.DefaultFileLockManager] Lock acquired on daemon addresses registry.
2025-06-20T13:00:05.510-0300 [DEBUG] [org.gradle.cache.internal.DefaultFileLockManager] Releasing lock on daemon addresses registry.
2025-06-20T13:00:05.512-0300 [DEBUG] [org.gradle.cache.internal.DefaultFileLockManager] Waiting to acquire shared lock on daemon addresses registry.
2025-06-20T13:00:05.512-0300 [DEBUG] [org.gradle.cache.internal.DefaultFileLockManager] Lock acquired on daemon addresses registry.
2025-06-20T13:00:05.512-0300 [DEBUG] [org.gradle.cache.internal.DefaultFileLockManager] Releasing lock on daemon addresses registry.
2025-06-20T13:00:05.514-0300 [DEBUG] [org.gradle.cache.internal.DefaultFileLockManager] Waiting to acquire shared lock on daemon addresses registry.
2025-06-20T13:00:05.514-0300 [DEBUG] [org.gradle.cache.internal.DefaultFileLockManager] Lock acquired on daemon addresses registry.
2025-06-20T13:00:05.514-0300 [DEBUG] [org.gradle.cache.internal.DefaultFileLockManager] Releasing lock on daemon addresses registry.
2025-06-20T13:00:09.952-0300 [DEBUG] [org.gradle.process.internal.health.memory.DefaultMemoryManager] 1706829004 physical memory requested, 703811584 free
2025-06-20T13:00:09.952-0300 [DEBUG] [org.gradle.workers.internal.WorkerDaemonExpiration] Will attempt to release 1627 of memory
2025-06-20T13:00:09.952-0300 [DEBUG] [org.gradle.process.internal.health.memory.DefaultMemoryManager] 1706829004 physical memory requested, 0 released, 703811584 free
2025-06-20T13:00:14.949-0300 [DEBUG] [org.gradle.process.internal.health.memory.DefaultMemoryManager] 1706829004 physical memory requested, 717320192 free
2025-06-20T13:00:14.949-0300 [DEBUG] [org.gradle.workers.internal.WorkerDaemonExpiration] Will attempt to release 1627 of memory
2025-06-20T13:00:14.950-0300 [DEBUG] [org.gradle.process.internal.health.memory.DefaultMemoryManager] 1706829004 physical memory requested, 0 released, 717320192 free
2025-06-20T13:00:15.507-0300 [DEBUG] [org.gradle.cache.internal.DefaultFileLockManager] Waiting to acquire shared lock on daemon addresses registry.
2025-06-20T13:00:15.508-0300 [DEBUG] [org.gradle.cache.internal.DefaultFileLockManager] Lock acquired on daemon addresses registry.
2025-06-20T13:00:15.508-0300 [DEBUG] [org.gradle.cache.internal.DefaultFileLockManager] Releasing lock on daemon addresses registry.
2025-06-20T13:00:15.509-0300 [DEBUG] [org.gradle.cache.internal.DefaultFileLockManager] Waiting to acquire shared lock on daemon addresses registry.
2025-06-20T13:00:15.509-0300 [DEBUG] [org.gradle.cache.internal.DefaultFileLockManager] Lock acquired on daemon addresses registry.
2025-06-20T13:00:15.509-0300 [DEBUG] [org.gradle.cache.internal.DefaultFileLockManager] Releasing lock on daemon addresses registry.
2025-06-20T13:00:15.511-0300 [DEBUG] [org.gradle.cache.internal.DefaultFileLockManager] Waiting to acquire shared lock on daemon addresses registry.
2025-06-20T13:00:15.511-0300 [DEBUG] [org.gradle.cache.internal.DefaultFileLockManager] Lock acquired on daemon addresses registry.
2025-06-20T13:00:15.511-0300 [DEBUG] [org.gradle.cache.internal.DefaultFileLockManager] Releasing lock on daemon addresses registry.
2025-06-20T13:00:19.950-0300 [DEBUG] [org.gradle.process.internal.health.memory.DefaultMemoryManager] 1706829004 physical memory requested, 737669120 free
2025-06-20T13:00:19.950-0300 [DEBUG] [org.gradle.workers.internal.WorkerDaemonExpiration] Will attempt to release 1627 of memory
2025-06-20T13:00:19.950-0300 [DEBUG] [org.gradle.process.internal.health.memory.DefaultMemoryManager] 1706829004 physical memory requested, 0 released, 737669120 free
2025-06-20T13:00:24.948-0300 [DEBUG] [org.gradle.process.internal.health.memory.DefaultMemoryManager] 1706829004 physical memory requested, 739229696 free
2025-06-20T13:00:24.948-0300 [DEBUG] [org.gradle.workers.internal.WorkerDaemonExpiration] Will attempt to release 1627 of memory
2025-06-20T13:00:24.948-0300 [DEBUG] [org.gradle.process.internal.health.memory.DefaultMemoryManager] 1706829004 physical memory requested, 0 released, 739229696 free
2025-06-20T13:00:25.508-0300 [DEBUG] [org.gradle.cache.internal.DefaultFileLockManager] Waiting to acquire shared lock on daemon addresses registry.
2025-06-20T13:00:25.508-0300 [DEBUG] [org.gradle.cache.internal.DefaultFileLockManager] Lock acquired on daemon addresses registry.
2025-06-20T13:00:25.508-0300 [DEBUG] [org.gradle.cache.internal.DefaultFileLockManager] Releasing lock on daemon addresses registry.
2025-06-20T13:00:25.510-0300 [DEBUG] [org.gradle.cache.internal.DefaultFileLockManager] Waiting to acquire shared lock on daemon addresses registry.
2025-06-20T13:00:25.510-0300 [DEBUG] [org.gradle.cache.internal.DefaultFileLockManager] Lock acquired on daemon addresses registry.
2025-06-20T13:00:25.511-0300 [DEBUG] [org.gradle.cache.internal.DefaultFileLockManager] Releasing lock on daemon addresses registry.
2025-06-20T13:00:25.512-0300 [DEBUG] [org.gradle.cache.internal.DefaultFileLockManager] Waiting to acquire shared lock on daemon addresses registry.
2025-06-20T13:00:25.513-0300 [DEBUG] [org.gradle.cache.internal.DefaultFileLockManager] Lock acquired on daemon addresses registry.
2025-06-20T13:00:25.513-0300 [DEBUG] [org.gradle.cache.internal.DefaultFileLockManager] Releasing lock on daemon addresses registry.
2025-06-20T13:00:29.948-0300 [DEBUG] [org.gradle.process.internal.health.memory.DefaultMemoryManager] 1706829004 physical memory requested, 777551872 free
2025-06-20T13:00:29.948-0300 [DEBUG] [org.gradle.workers.internal.WorkerDaemonExpiration] Will attempt to release 1627 of memory
2025-06-20T13:00:29.948-0300 [DEBUG] [org.gradle.process.internal.health.memory.DefaultMemoryManager] 1706829004 physical memory requested, 0 released, 777551872 free
2025-06-20T13:00:34.948-0300 [DEBUG] [org.gradle.process.internal.health.memory.DefaultMemoryManager] 1706829004 physical memory requested, 714330112 free
2025-06-20T13:00:34.948-0300 [DEBUG] [org.gradle.workers.internal.WorkerDaemonExpiration] Will attempt to release 1627 of memory
2025-06-20T13:00:34.949-0300 [DEBUG] [org.gradle.process.internal.health.memory.DefaultMemoryManager] 1706829004 physical memory requested, 0 released, 714330112 free
2025-06-20T13:00:35.506-0300 [DEBUG] [org.gradle.cache.internal.DefaultFileLockManager] Waiting to acquire shared lock on daemon addresses registry.
2025-06-20T13:00:35.506-0300 [DEBUG] [org.gradle.cache.internal.DefaultFileLockManager] Lock acquired on daemon addresses registry.
2025-06-20T13:00:35.506-0300 [DEBUG] [org.gradle.cache.internal.DefaultFileLockManager] Releasing lock on daemon addresses registry.
2025-06-20T13:00:35.508-0300 [DEBUG] [org.gradle.cache.internal.DefaultFileLockManager] Waiting to acquire shared lock on daemon addresses registry.
2025-06-20T13:00:35.508-0300 [DEBUG] [org.gradle.cache.internal.DefaultFileLockManager] Lock acquired on daemon addresses registry.
2025-06-20T13:00:35.509-0300 [DEBUG] [org.gradle.cache.internal.DefaultFileLockManager] Releasing lock on daemon addresses registry.
2025-06-20T13:00:35.510-0300 [DEBUG] [org.gradle.cache.internal.DefaultFileLockManager] Waiting to acquire shared lock on daemon addresses registry.
2025-06-20T13:00:35.510-0300 [DEBUG] [org.gradle.cache.internal.DefaultFileLockManager] Lock acquired on daemon addresses registry.
2025-06-20T13:00:35.511-0300 [DEBUG] [org.gradle.cache.internal.DefaultFileLockManager] Releasing lock on daemon addresses registry.
2025-06-20T13:00:39.947-0300 [DEBUG] [org.gradle.process.internal.health.memory.DefaultMemoryManager] 1706829004 physical memory requested, 647892992 free
2025-06-20T13:00:39.947-0300 [DEBUG] [org.gradle.workers.internal.WorkerDaemonExpiration] Will attempt to release 1627 of memory
2025-06-20T13:00:39.947-0300 [DEBUG] [org.gradle.process.internal.health.memory.DefaultMemoryManager] 1706829004 physical memory requested, 0 released, 647892992 free
2025-06-20T13:00:44.946-0300 [DEBUG] [org.gradle.process.internal.health.memory.DefaultMemoryManager] 1706829004 physical memory requested, 622678016 free
2025-06-20T13:00:44.946-0300 [DEBUG] [org.gradle.workers.internal.WorkerDaemonExpiration] Will attempt to release 1627 of memory
2025-06-20T13:00:44.946-0300 [DEBUG] [org.gradle.process.internal.health.memory.DefaultMemoryManager] 1706829004 physical memory requested, 0 released, 622678016 free
2025-06-20T13:00:45.505-0300 [DEBUG] [org.gradle.cache.internal.DefaultFileLockManager] Waiting to acquire shared lock on daemon addresses registry.
2025-06-20T13:00:45.505-0300 [DEBUG] [org.gradle.cache.internal.DefaultFileLockManager] Lock acquired on daemon addresses registry.
2025-06-20T13:00:45.506-0300 [DEBUG] [org.gradle.cache.internal.DefaultFileLockManager] Releasing lock on daemon addresses registry.
2025-06-20T13:00:45.507-0300 [DEBUG] [org.gradle.cache.internal.DefaultFileLockManager] Waiting to acquire shared lock on daemon addresses registry.
2025-06-20T13:00:45.507-0300 [DEBUG] [org.gradle.cache.internal.DefaultFileLockManager] Lock acquired on daemon addresses registry.
2025-06-20T13:00:45.508-0300 [DEBUG] [org.gradle.cache.internal.DefaultFileLockManager] Releasing lock on daemon addresses registry.
2025-06-20T13:00:45.508-0300 [DEBUG] [org.gradle.cache.internal.DefaultFileLockManager] Waiting to acquire shared lock on daemon addresses registry.
2025-06-20T13:00:45.509-0300 [DEBUG] [org.gradle.cache.internal.DefaultFileLockManager] Lock acquired on daemon addresses registry.
2025-06-20T13:00:45.509-0300 [DEBUG] [org.gradle.cache.internal.DefaultFileLockManager] Releasing lock on daemon addresses registry.
2025-06-20T13:00:49.946-0300 [DEBUG] [org.gradle.process.internal.health.memory.DefaultMemoryManager] 1706829004 physical memory requested, 699105280 free
2025-06-20T13:00:49.946-0300 [DEBUG] [org.gradle.workers.internal.WorkerDaemonExpiration] Will attempt to release 1627 of memory
2025-06-20T13:00:49.946-0300 [DEBUG] [org.gradle.process.internal.health.memory.DefaultMemoryManager] 1706829004 physical memory requested, 0 released, 699105280 free
2025-06-20T13:00:54.944-0300 [DEBUG] [org.gradle.process.internal.health.memory.DefaultMemoryManager] 1706829004 physical memory requested, 703795200 free
2025-06-20T13:00:54.944-0300 [DEBUG] [org.gradle.workers.internal.WorkerDaemonExpiration] Will attempt to release 1627 of memory
2025-06-20T13:00:54.944-0300 [DEBUG] [org.gradle.process.internal.health.memory.DefaultMemoryManager] 1706829004 physical memory requested, 0 released, 703795200 free
2025-06-20T13:00:55.502-0300 [DEBUG] [org.gradle.cache.internal.DefaultFileLockManager] Waiting to acquire shared lock on daemon addresses registry.
2025-06-20T13:00:55.502-0300 [DEBUG] [org.gradle.cache.internal.DefaultFileLockManager] Lock acquired on daemon addresses registry.
2025-06-20T13:00:55.502-0300 [DEBUG] [org.gradle.cache.internal.DefaultFileLockManager] Releasing lock on daemon addresses registry.
2025-06-20T13:00:55.503-0300 [DEBUG] [org.gradle.cache.internal.DefaultFileLockManager] Waiting to acquire shared lock on daemon addresses registry.
2025-06-20T13:00:55.503-0300 [DEBUG] [org.gradle.cache.internal.DefaultFileLockManager] Lock acquired on daemon addresses registry.
2025-06-20T13:00:55.504-0300 [DEBUG] [org.gradle.cache.internal.DefaultFileLockManager] Releasing lock on daemon addresses registry.
2025-06-20T13:00:55.505-0300 [DEBUG] [org.gradle.cache.internal.DefaultFileLockManager] Waiting to acquire shared lock on daemon addresses registry.
2025-06-20T13:00:55.505-0300 [DEBUG] [org.gradle.cache.internal.DefaultFileLockManager] Lock acquired on daemon addresses registry.
2025-06-20T13:00:55.505-0300 [DEBUG] [org.gradle.cache.internal.DefaultFileLockManager] Releasing lock on daemon addresses registry.
2025-06-20T13:00:59.944-0300 [DEBUG] [org.gradle.process.internal.health.memory.DefaultMemoryManager] 1706829004 physical memory requested, 722874368 free
2025-06-20T13:00:59.944-0300 [DEBUG] [org.gradle.workers.internal.WorkerDaemonExpiration] Will attempt to release 1627 of memory
2025-06-20T13:00:59.944-0300 [DEBUG] [org.gradle.process.internal.health.memory.DefaultMemoryManager] 1706829004 physical memory requested, 0 released, 722874368 free
2025-06-20T13:01:04.948-0300 [DEBUG] [org.gradle.process.internal.health.memory.DefaultMemoryManager] 1706829004 physical memory requested, 750047232 free
2025-06-20T13:01:04.948-0300 [DEBUG] [org.gradle.workers.internal.WorkerDaemonExpiration] Will attempt to release 1627 of memory
2025-06-20T13:01:04.948-0300 [DEBUG] [org.gradle.process.internal.health.memory.DefaultMemoryManager] 1706829004 physical memory requested, 0 released, 750047232 free
2025-06-20T13:01:05.504-0300 [DEBUG] [org.gradle.cache.internal.DefaultFileLockManager] Waiting to acquire shared lock on daemon addresses registry.
2025-06-20T13:01:05.504-0300 [DEBUG] [org.gradle.cache.internal.DefaultFileLockManager] Lock acquired on daemon addresses registry.
2025-06-20T13:01:05.504-0300 [DEBUG] [org.gradle.cache.internal.DefaultFileLockManager] Releasing lock on daemon addresses registry.
2025-06-20T13:01:05.506-0300 [DEBUG] [org.gradle.cache.internal.DefaultFileLockManager] Waiting to acquire shared lock on daemon addresses registry.
2025-06-20T13:01:05.506-0300 [DEBUG] [org.gradle.cache.internal.DefaultFileLockManager] Lock acquired on daemon addresses registry.
2025-06-20T13:01:05.506-0300 [DEBUG] [org.gradle.cache.internal.DefaultFileLockManager] Releasing lock on daemon addresses registry.
2025-06-20T13:01:05.507-0300 [DEBUG] [org.gradle.cache.internal.DefaultFileLockManager] Waiting to acquire shared lock on daemon addresses registry.
2025-06-20T13:01:05.508-0300 [DEBUG] [org.gradle.cache.internal.DefaultFileLockManager] Lock acquired on daemon addresses registry.
2025-06-20T13:01:05.508-0300 [DEBUG] [org.gradle.cache.internal.DefaultFileLockManager] Releasing lock on daemon addresses registry.
2025-06-20T13:01:08.916-0300 [DEBUG] [org.gradle.internal.remote.internal.inet.TcpIncomingConnector] Accepted connection from /127.0.0.1:62167 to /127.0.0.1:64207.
2025-06-20T13:01:08.927-0300 [DEBUG] [org.gradle.launcher.daemon.server.SynchronizedDispatchConnection] thread 267: received class org.gradle.launcher.daemon.protocol.StopWhenIdle
2025-06-20T13:01:08.928-0300 [DEBUG] [org.gradle.launcher.daemon.server.DefaultDaemonConnection] thread 267: Received non-IO message from client: StopWhenIdle[id=29375162-70a8-48f4-a90b-406b0411753e]
2025-06-20T13:01:08.928-0300 [INFO] [org.gradle.launcher.daemon.server.DefaultIncomingConnectionHandler] Received command: StopWhenIdle[id=29375162-70a8-48f4-a90b-406b0411753e].
2025-06-20T13:01:08.929-0300 [DEBUG] [org.gradle.launcher.daemon.server.DefaultIncomingConnectionHandler] Starting executing command: StopWhenIdle[id=29375162-70a8-48f4-a90b-406b0411753e] with connection: socket connection from /127.0.0.1:64207 to /127.0.0.1:62167.
2025-06-20T13:01:08.929-0300 [DEBUG] [org.gradle.launcher.daemon.server.DaemonRegistryUpdater] Storing daemon stop event: stop command received
2025-06-20T13:01:08.930-0300 [DEBUG] [org.gradle.launcher.daemon.registry.PersistentDaemonRegistry] Storing daemon stop event with timestamp 1750435268929
2025-06-20T13:01:08.933-0300 [DEBUG] [org.gradle.cache.internal.DefaultFileLockManager] Waiting to acquire exclusive lock on daemon addresses registry.
2025-06-20T13:01:08.934-0300 [DEBUG] [org.gradle.cache.internal.DefaultFileLockManager] Lock acquired on daemon addresses registry.
2025-06-20T13:01:08.935-0300 [DEBUG] [org.gradle.cache.internal.DefaultFileLockManager] Releasing lock on daemon addresses registry.
2025-06-20T13:01:08.938-0300 [LIFECYCLE] [org.gradle.launcher.daemon.server.DaemonStateCoordinator] Daemon will be stopped at the end of the build stop command received
2025-06-20T13:01:08.939-0300 [DEBUG] [org.gradle.launcher.daemon.server.DaemonStateCoordinator] Marking daemon stopped due to stop command received. The daemon is not running a build
2025-06-20T13:01:08.939-0300 [DEBUG] [org.gradle.launcher.daemon.server.SynchronizedDispatchConnection] thread 266: dispatching Success[value=null]
2025-06-20T13:01:08.939-0300 [DEBUG] [org.gradle.launcher.daemon.server.DaemonStateCoordinator] daemon has stopped.
2025-06-20T13:01:08.939-0300 [DEBUG] [org.gradle.launcher.daemon.server.DefaultIncomingConnectionHandler] Finishing executing command: StopWhenIdle[id=29375162-70a8-48f4-a90b-406b0411753e]
2025-06-20T13:01:08.940-0300 [DEBUG] [org.gradle.launcher.daemon.server.SynchronizedDispatchConnection] thread 267: received class org.gradle.launcher.daemon.protocol.Finished
2025-06-20T13:01:08.940-0300 [DEBUG] [org.gradle.launcher.daemon.server.Daemon] stop() called on daemon
2025-06-20T13:01:08.940-0300 [DEBUG] [org.gradle.launcher.daemon.server.DefaultDaemonConnection] thread 267: Received non-IO message from client: org.gradle.launcher.daemon.protocol.Finished@2a581ff2
2025-06-20T13:01:08.940-0300 [DEBUG] [org.gradle.internal.remote.internal.inet.SocketConnection] Discarding EOFException: java.io.EOFException
2025-06-20T13:01:08.940-0300 [INFO] [org.gradle.launcher.daemon.server.Daemon] Stop requested. Daemon is removing its presence from the registry...
2025-06-20T13:01:08.940-0300 [DEBUG] [org.gradle.launcher.daemon.server.SynchronizedDispatchConnection] thread 267: received null
2025-06-20T13:01:08.940-0300 [DEBUG] [org.gradle.launcher.daemon.server.DefaultDaemonConnection] thread 267: Received end-of-input from client.
2025-06-20T13:01:08.940-0300 [DEBUG] [org.gradle.launcher.daemon.server.DaemonRegistryUpdater] Removing our presence to clients, eg. removing this address from the registry: [6a86551a-6dc7-4c42-8205-131df48a819d port:64207, addresses:[localhost/127.0.0.1]]
2025-06-20T13:01:08.941-0300 [DEBUG] [org.gradle.launcher.daemon.registry.PersistentDaemonRegistry] Removing daemon address: [6a86551a-6dc7-4c42-8205-131df48a819d port:64207, addresses:[localhost/127.0.0.1]]
2025-06-20T13:01:08.940-0300 [DEBUG] [org.gradle.launcher.daemon.server.DefaultIncomingConnectionHandler] Received finished message: org.gradle.launcher.daemon.protocol.Finished@2a581ff2
2025-06-20T13:01:08.941-0300 [DEBUG] [org.gradle.launcher.daemon.server.SynchronizedDispatchConnection] thread 266: stopping connection
2025-06-20T13:01:08.942-0300 [DEBUG] [org.gradle.launcher.daemon.server.SynchronizedDispatchConnection] thread 266: stopping connection
2025-06-20T13:01:08.942-0300 [DEBUG] [org.gradle.cache.internal.DefaultFileLockManager] Waiting to acquire exclusive lock on daemon addresses registry.
2025-06-20T13:01:08.945-0300 [DEBUG] [org.gradle.cache.internal.DefaultFileLockManager] Lock acquired on daemon addresses registry.
2025-06-20T13:01:08.947-0300 [DEBUG] [org.gradle.cache.internal.DefaultFileLockManager] Releasing lock on daemon addresses registry.
2025-06-20T13:01:08.949-0300 [DEBUG] [org.gradle.launcher.daemon.server.DaemonRegistryUpdater] Address removed from registry.
2025-06-20T13:01:08.958-0300 [DEBUG] [org.gradle.cache.internal.DefaultCacheCoordinator] Cache jars (C:\Users\Paul\Documents\android studio\ANDROIDFRONTEND\caches\jars-9) was closed 0 times.
2025-06-20T13:01:08.959-0300 [DEBUG] [org.gradle.cache.internal.LockOnDemandCrossProcessCacheAccess] Releasing file lock for file content cache (C:\Users\Paul\Documents\android studio\ANDROIDFRONTEND\caches\8.11.1\fileContent)
2025-06-20T13:01:08.959-0300 [DEBUG] [org.gradle.cache.internal.DefaultFileLockManager] Releasing lock on file content cache (C:\Users\Paul\Documents\android studio\ANDROIDFRONTEND\caches\8.11.1\fileContent).
2025-06-20T13:01:08.960-0300 [DEBUG] [org.gradle.internal.watch.vfs.impl.WatchingVirtualFileSystem] Closing VFS, dropping state
2025-06-20T13:01:08.961-0300 [DEBUG] [org.gradle.cache.internal.LockOnDemandCrossProcessCacheAccess] Releasing file lock for Generated Gradle JARs cache (C:\Users\Paul\Documents\android studio\ANDROIDFRONTEND\caches\8.11.1\generated-gradle-jars)
2025-06-20T13:01:08.961-0300 [DEBUG] [org.gradle.internal.watch.registry.impl.DefaultFileWatcherRegistry] Finished listening to file system change events
2025-06-20T13:01:08.962-0300 [DEBUG] [org.gradle.cache.internal.DefaultFileLockManager] Releasing lock on Generated Gradle JARs cache (C:\Users\Paul\Documents\android studio\ANDROIDFRONTEND\caches\8.11.1\generated-gradle-jars).
2025-06-20T13:01:08.963-0300 [DEBUG] [org.gradle.cache.internal.LockOnDemandCrossProcessCacheAccess] Releasing file lock for artifact cache (C:\Users\Paul\Documents\android studio\ANDROIDFRONTEND\caches\modules-2)
2025-06-20T13:01:08.963-0300 [DEBUG] [org.gradle.cache.internal.btree.BTreePersistentIndexedCache] Closing cache module-artifact.bin (C:\Users\Paul\Documents\android studio\ANDROIDFRONTEND\caches\modules-2\metadata-2.107\module-artifact.bin)
2025-06-20T13:01:08.964-0300 [DEBUG] [org.gradle.cache.internal.btree.BTreePersistentIndexedCache] Closing cache module-metadata.bin (C:\Users\Paul\Documents\android studio\ANDROIDFRONTEND\caches\modules-2\metadata-2.107\module-metadata.bin)
2025-06-20T13:01:08.965-0300 [DEBUG] [org.gradle.cache.internal.btree.BTreePersistentIndexedCache] Closing cache resource-at-url.bin (C:\Users\Paul\Documents\android studio\ANDROIDFRONTEND\caches\modules-2\metadata-2.107\resource-at-url.bin)
2025-06-20T13:01:08.965-0300 [DEBUG] [org.gradle.cache.internal.DefaultFileLockManager] Releasing lock on artifact cache (C:\Users\Paul\Documents\android studio\ANDROIDFRONTEND\caches\modules-2).
2025-06-20T13:01:08.968-0300 [DEBUG] [org.gradle.cache.internal.DefaultCacheCoordinator] Cache groovy-dsl (C:\Users\Paul\Documents\android studio\ANDROIDFRONTEND\caches\8.11.1\groovy-dsl) was closed 0 times.
2025-06-20T13:01:08.969-0300 [DEBUG] [org.gradle.cache.internal.DefaultCacheCoordinator] Cache Artifact transforms cache (C:\Users\Paul\Documents\android studio\ANDROIDFRONTEND\caches\8.11.1\transforms) was closed 0 times.
2025-06-20T13:01:08.970-0300 [DEBUG] [org.gradle.cache.internal.DefaultCacheCoordinator] Cache kotlin-dsl (C:\Users\Paul\Documents\android studio\ANDROIDFRONTEND\caches\8.11.1\kotlin-dsl) was closed 0 times.
2025-06-20T13:01:08.971-0300 [DEBUG] [org.gradle.cache.internal.LockOnDemandCrossProcessCacheAccess] Releasing file lock for journal cache (C:\Users\Paul\Documents\android studio\ANDROIDFRONTEND\caches\journal-1)
2025-06-20T13:01:08.971-0300 [DEBUG] [org.gradle.cache.internal.btree.BTreePersistentIndexedCache] Closing cache file-access.bin (C:\Users\Paul\Documents\android studio\ANDROIDFRONTEND\caches\journal-1\file-access.bin)
2025-06-20T13:01:08.973-0300 [DEBUG] [org.gradle.cache.internal.DefaultFileLockManager] Releasing lock on journal cache (C:\Users\Paul\Documents\android studio\ANDROIDFRONTEND\caches\journal-1).
2025-06-20T13:01:08.974-0300 [DEBUG] [org.gradle.cache.internal.LockOnDemandCrossProcessCacheAccess] Releasing file lock for file hash cache (C:\Users\Paul\Documents\android studio\ANDROIDFRONTEND\caches\8.11.1\fileHashes)
2025-06-20T13:01:08.974-0300 [DEBUG] [org.gradle.cache.internal.btree.BTreePersistentIndexedCache] Closing cache fileHashes.bin (C:\Users\Paul\Documents\android studio\ANDROIDFRONTEND\caches\8.11.1\fileHashes\fileHashes.bin)
2025-06-20T13:01:08.975-0300 [DEBUG] [org.gradle.cache.internal.btree.BTreePersistentIndexedCache] Closing cache resourceHashesCache.bin (C:\Users\Paul\Documents\android studio\ANDROIDFRONTEND\caches\8.11.1\fileHashes\resourceHashesCache.bin)
2025-06-20T13:01:08.977-0300 [DEBUG] [org.gradle.cache.internal.DefaultFileLockManager] Releasing lock on file hash cache (C:\Users\Paul\Documents\android studio\ANDROIDFRONTEND\caches\8.11.1\fileHashes).
2025-06-20T13:01:08.978-0300 [DEBUG] [org.gradle.cache.internal.LockOnDemandCrossProcessCacheAccess] Releasing file lock for Java compile cache (C:\Users\Paul\Documents\android studio\ANDROIDFRONTEND\caches\8.11.1\javaCompile)
2025-06-20T13:01:08.978-0300 [DEBUG] [org.gradle.cache.internal.btree.BTreePersistentIndexedCache] Closing cache jarAnalysis.bin (C:\Users\Paul\Documents\android studio\ANDROIDFRONTEND\caches\8.11.1\javaCompile\jarAnalysis.bin)
2025-06-20T13:01:08.979-0300 [DEBUG] [org.gradle.cache.internal.btree.BTreePersistentIndexedCache] Closing cache classAnalysis.bin (C:\Users\Paul\Documents\android studio\ANDROIDFRONTEND\caches\8.11.1\javaCompile\classAnalysis.bin)
2025-06-20T13:01:08.980-0300 [DEBUG] [org.gradle.cache.internal.DefaultFileLockManager] Releasing lock on Java compile cache (C:\Users\Paul\Documents\android studio\ANDROIDFRONTEND\caches\8.11.1\javaCompile).
2025-06-20T13:01:08.983-0300 [DEBUG] [org.gradle.internal.operations.DefaultBuildOperationRunner] Build operation 'Deleting unused version-specific caches in C:\Users\Paul\Documents\android studio\ANDROIDFRONTEND\caches' started
2025-06-20T13:01:08.997-0300 [DEBUG] [org.gradle.cache.internal.VersionSpecificCacheCleanupAction] Processed version-specific caches at C:\Users\Paul\Documents\android studio\ANDROIDFRONTEND\caches for cleanup in 0.014 secs
2025-06-20T13:01:08.998-0300 [DEBUG] [org.gradle.internal.operations.DefaultBuildOperationRunner] Completing Build operation 'Deleting unused version-specific caches in C:\Users\Paul\Documents\android studio\ANDROIDFRONTEND\caches'
2025-06-20T13:01:08.998-0300 [DEBUG] [org.gradle.internal.operations.DefaultBuildOperationRunner] Build operation 'Deleting unused version-specific caches in C:\Users\Paul\Documents\android studio\ANDROIDFRONTEND\caches' completed
2025-06-20T13:01:09.000-0300 [DEBUG] [org.gradle.internal.operations.DefaultBuildOperationRunner] Build operation 'Deleting unused Gradle distributions in C:\Users\Paul\Documents\android studio\ANDROIDFRONTEND\wrapper\dists' started
2025-06-20T13:01:09.003-0300 [DEBUG] [org.gradle.internal.operations.DefaultBuildOperationRunner] Completing Build operation 'Deleting unused Gradle distributions in C:\Users\Paul\Documents\android studio\ANDROIDFRONTEND\wrapper\dists'
2025-06-20T13:01:09.003-0300 [DEBUG] [org.gradle.internal.operations.DefaultBuildOperationRunner] Build operation 'Deleting unused Gradle distributions in C:\Users\Paul\Documents\android studio\ANDROIDFRONTEND\wrapper\dists' completed
2025-06-20T13:01:09.004-0300 [DEBUG] [org.gradle.launcher.daemon.server.Daemon] stop() called on daemon
2025-06-20T13:01:09.004-0300 [INFO] [org.gradle.launcher.daemon.server.Daemon] Stop requested. Daemon is removing its presence from the registry...
2025-06-20T13:01:09.004-0300 [DEBUG] [org.gradle.launcher.daemon.server.DaemonRegistryUpdater] Removing our presence to clients, eg. removing this address from the registry: [6a86551a-6dc7-4c42-8205-131df48a819d port:64207, addresses:[localhost/127.0.0.1]]
2025-06-20T13:01:09.004-0300 [DEBUG] [org.gradle.launcher.daemon.registry.PersistentDaemonRegistry] Removing daemon address: [6a86551a-6dc7-4c42-8205-131df48a819d port:64207, addresses:[localhost/127.0.0.1]]
2025-06-20T13:01:09.005-0300 [DEBUG] [org.gradle.cache.internal.DefaultFileLockManager] Waiting to acquire exclusive lock on daemon addresses registry.
2025-06-20T13:01:09.009-0300 [DEBUG] [org.gradle.cache.internal.DefaultFileLockManager] Lock acquired on daemon addresses registry.
2025-06-20T13:01:09.011-0300 [DEBUG] [org.gradle.cache.internal.DefaultFileLockManager] Releasing lock on daemon addresses registry.
2025-06-20T13:01:09.013-0300 [DEBUG] [org.gradle.launcher.daemon.server.DaemonRegistryUpdater] Address removed from registry.
2025-06-20T13:01:09.015-0300 [DEBUG] [org.gradle.cache.internal.locklistener.DefaultFileLockContentionHandler] File lock listener thread completed.
2025-06-20T13:01:09.017-0300 [DEBUG] [java.lang.Runtime] Runtime.exit() called with status: 0
java.lang.Throwable: Runtime.exit(0)
	at java.base/java.lang.Shutdown.logRuntimeExit(Unknown Source)
	at java.base/java.lang.Shutdown.exit(Unknown Source)
	at java.base/java.lang.Runtime.exit(Unknown Source)
	at java.base/java.lang.System.exit(Unknown Source)
	at org.gradle.launcher.bootstrap.ProcessCompleter.complete(ProcessCompleter.java:21)
	at org.gradle.launcher.bootstrap.EntryPoint.run(EntryPoint.java:61)
	at java.base/jdk.internal.reflect.DirectMethodHandleAccessor.invoke(Unknown Source)
	at java.base/java.lang.reflect.Method.invoke(Unknown Source)
	at org.gradle.launcher.bootstrap.ProcessBootstrap.runNoExit(ProcessBootstrap.java:72)
	at org.gradle.launcher.bootstrap.ProcessBootstrap.run(ProcessBootstrap.java:39)
	at org.gradle.launcher.daemon.bootstrap.GradleDaemon.main(GradleDaemon.java:22)
Daemon vm is shutting down... The daemon has exited normally or was terminated in response to a user interrupt.
2025-06-20T13:01:09.019-0300 [DEBUG] [org.gradle.launcher.daemon.registry.PersistentDaemonRegistry] Removing daemon address: [6a86551a-6dc7-4c42-8205-131df48a819d port:64207, addresses:[localhost/127.0.0.1]]
2025-06-20T13:01:09.021-0300 [DEBUG] [org.gradle.launcher.daemon.server.Daemon] VM shutdown hook was unable to remove the daemon address from the registry. It will be cleaned up later.
java.lang.IllegalStateException: Cannot start managing file contention because this handler has been closed.
	at org.gradle.cache.internal.locklistener.DefaultFileLockContentionHandler.assertNotStopped(DefaultFileLockContentionHandler.java:217)
	at org.gradle.cache.internal.locklistener.DefaultFileLockContentionHandler.getCommunicator(DefaultFileLockContentionHandler.java:260)
	at org.gradle.cache.internal.locklistener.DefaultFileLockContentionHandler.reservePort(DefaultFileLockContentionHandler.java:254)
	at org.gradle.cache.internal.DefaultFileLockManager.lock(DefaultFileLockManager.java:124)
	at org.gradle.cache.internal.DefaultFileLockManager.lock(DefaultFileLockManager.java:106)
	at org.gradle.cache.internal.DefaultFileLockManager.lock(DefaultFileLockManager.java:101)
	at org.gradle.cache.internal.OnDemandFileAccess.updateFile(OnDemandFileAccess.java:51)
	at org.gradle.cache.internal.FileBackedObjectHolder.update(FileBackedObjectHolder.java:77)
	at org.gradle.cache.internal.FileIntegrityViolationSuppressingObjectHolderDecorator.lambda$update$0(FileIntegrityViolationSuppressingObjectHolderDecorator.java:48)
	at org.gradle.cache.internal.FileIntegrityViolationSuppressingObjectHolderDecorator.doUpdate(FileIntegrityViolationSuppressingObjectHolderDecorator.java:58)
	at org.gradle.cache.internal.FileIntegrityViolationSuppressingObjectHolderDecorator.update(FileIntegrityViolationSuppressingObjectHolderDecorator.java:48)
	at org.gradle.launcher.daemon.registry.PersistentDaemonRegistry.remove(PersistentDaemonRegistry.java:133)
	at org.gradle.launcher.daemon.server.Daemon$1.run(Daemon.java:133)
	at java.base/java.lang.Thread.run(Unknown Source)
